Using pre-set license
Built from '2021.1/staging' branch; Version is '2021.1.7f1 (d91830b65d9b) revision 14227504'; Using compiler version '192528614'; Build Type 'Release'
OS: 'Windows 10 Pro; OS build 19044.1865; Version 2009; 64bit' Language: 'ja' Physical Memory: 16230 MB
BatchMode: 1, IsHumanControllingUs: 0, StartBugReporterOnCrash: 0, Is64bit: 1, IsPro: 0

 COMMAND LINE ARGUMENTS:
C:\Program Files\Unity\Hub\Editor\2021.1.7f1\Editor\Unity.exe
-adb2
-batchMode
-noUpm
-name
AssetImportWorker0
-projectPath
C:/Users/s20217045/Desktop/SOUKOBAN
-logFile
Logs/AssetImportWorker0.log
-srvPort
65281
Successfully changed project path to: C:/Users/s20217045/Desktop/SOUKOBAN
C:/Users/s20217045/Desktop/SOUKOBAN
Using Asset Import Pipeline V2.
Refreshing native plugins compatible for Editor in 66.26 ms, found 1 plugins.
Preloading 0 native plugins for Editor in 0.00 ms.
Initialize engine version: 2021.1.7f1 (d91830b65d9b)
[Subsystems] Discovering subsystems at path C:/Program Files/Unity/Hub/Editor/2021.1.7f1/Editor/Data/Resources/UnitySubsystems
[Subsystems] Discovering subsystems at path C:/Users/s20217045/Desktop/SOUKOBAN/Assets
GfxDevice: creating device client; threaded=0; jobified=0
Direct3D:
    Version:  Direct3D 11.0 [level 11.1]
    Renderer: NVIDIA GeForce GTX 1060 (ID=0x1c20)
    Vendor:   NVIDIA
    VRAM:     6052 MB
    Driver:   31.0.15.1659
Initialize mono
Mono path[0] = 'C:/Program Files/Unity/Hub/Editor/2021.1.7f1/Editor/Data/Managed'
Mono path[1] = 'C:/Program Files/Unity/Hub/Editor/2021.1.7f1/Editor/Data/MonoBleedingEdge/lib/mono/unityjit'
Mono config path = 'C:/Program Files/Unity/Hub/Editor/2021.1.7f1/Editor/Data/MonoBleedingEdge/etc'
Using monoOptions --debugger-agent=transport=dt_socket,embedding=1,server=y,suspend=n,address=127.0.0.1:56752
Begin MonoManager ReloadAssembly
Registering precompiled unity dll's ...
Register platform support module: C:/Program Files/Unity/Hub/Editor/2021.1.7f1/Editor/Data/PlaybackEngines/WindowsStandaloneSupport/UnityEditor.WindowsStandalone.Extensions.dll
Registered in 0.002034 seconds.
Native extension for WindowsStandalone target not found
Refreshing native plugins compatible for Editor in 71.11 ms, found 1 plugins.
Preloading 0 native plugins for Editor in 0.00 ms.
Mono: successfully reloaded assembly
- Completed reload, in  1.128 seconds
Platform modules already initialized, skipping
Registering precompiled user dll's ...
Registered in 0.002672 seconds.
Begin MonoManager ReloadAssembly
Symbol file LoadedFromMemory doesn't match image C:\Users\s20217045\Desktop\SOUKOBAN\Library\PackageCache\com.unity.visualscripting@1.6.1\Editor\VisualScripting.Core\Dependencies\YamlDotNet\Unity.VisualScripting.YamlDotNet.dll
Symbol file LoadedFromMemory doesn't match image C:\Users\s20217045\Desktop\SOUKOBAN\Library\PackageCache\com.unity.visualscripting@1.6.1\Editor\VisualScripting.Core\Dependencies\DotNetZip\Unity.VisualScripting.IonicZip.dll
Native extension for WindowsStandalone target not found
Refreshing native plugins compatible for Editor in 0.43 ms, found 1 plugins.
Preloading 0 native plugins for Editor in 0.00 ms.
Mono: successfully reloaded assembly
- Completed reload, in  0.898 seconds
Platform modules already initialized, skipping
========================================================================
Worker process is ready to serve import requests
Launched and connected shader compiler UnityShaderCompiler.exe after 0.05 seconds
Refreshing native plugins compatible for Editor in 0.43 ms, found 1 plugins.
Preloading 0 native plugins for Editor in 0.00 ms.
Unloading 2667 Unused Serialized files (Serialized files now loaded: 0)
System memory in use before: 98.9 MB.
System memory in use after: 99.1 MB.

Unloading 14 unused Assets to reduce memory usage. Loaded Objects now: 3124.
Total: 2.030000 ms (FindLiveObjects: 0.208100 ms CreateObjectMapping: 0.120200 ms MarkObjects: 1.627400 ms  DeleteObjects: 0.073400 ms)

========================================================================
Received Import Request.
  path: Assets/Script/System_scr_2.cs
  artifactKey: Guid(20693a87bac5c0b4a8a49e0380e934fc) Importer(815301076,1909f56bfc062723c751e8b465ee728b)
Start importing Assets/Script/System_scr_2.cs using Guid(20693a87bac5c0b4a8a49e0380e934fc) Importer(815301076,1909f56bfc062723c751e8b465ee728b)  -> (artifact id: 'f5a777f296c3268de73536a1750b04d1') in 0.019829 seconds 
========================================================================
Received Import Request.
  Time since last request: 16.258322 seconds.
  path: Assets/Script/System_scr_2.cs
  artifactKey: Guid(20693a87bac5c0b4a8a49e0380e934fc) Importer(815301076,1909f56bfc062723c751e8b465ee728b)
Start importing Assets/Script/System_scr_2.cs using Guid(20693a87bac5c0b4a8a49e0380e934fc) Importer(815301076,1909f56bfc062723c751e8b465ee728b)  -> (artifact id: 'b76b6ab3b2f0d4bc2de76b09603e251e') in 0.002441 seconds 
========================================================================
Received Import Request.
  Time since last request: 275.374542 seconds.
  path: Assets/Script/System_scr_2.cs
  artifactKey: Guid(20693a87bac5c0b4a8a49e0380e934fc) Importer(815301076,1909f56bfc062723c751e8b465ee728b)
Start importing Assets/Script/System_scr_2.cs using Guid(20693a87bac5c0b4a8a49e0380e934fc) Importer(815301076,1909f56bfc062723c751e8b465ee728b)  -> (artifact id: 'afcf4c1a3ddcceee81f94dd206d34574') in 0.001730 seconds 
========================================================================
Received Import Request.
  Time since last request: 62.208665 seconds.
  path: Assets/Script/System_scr_2.cs
  artifactKey: Guid(20693a87bac5c0b4a8a49e0380e934fc) Importer(815301076,1909f56bfc062723c751e8b465ee728b)
Start importing Assets/Script/System_scr_2.cs using Guid(20693a87bac5c0b4a8a49e0380e934fc) Importer(815301076,1909f56bfc062723c751e8b465ee728b)  -> (artifact id: '77d8e75d294a2054322ecb7dfe3210f5') in 0.001926 seconds 
========================================================================
Received Import Request.
  Time since last request: 745.911770 seconds.
  path: Assets/Script/System_scr_2.cs
  artifactKey: Guid(20693a87bac5c0b4a8a49e0380e934fc) Importer(815301076,1909f56bfc062723c751e8b465ee728b)
Start importing Assets/Script/System_scr_2.cs using Guid(20693a87bac5c0b4a8a49e0380e934fc) Importer(815301076,1909f56bfc062723c751e8b465ee728b)  -> (artifact id: '377d01c0a3700469776e34b0fac43851') in 0.002337 seconds 
========================================================================
Received Prepare
Registering precompiled user dll's ...
Registered in 0.002571 seconds.
Begin MonoManager ReloadAssembly
Symbol file LoadedFromMemory doesn't match image C:\Users\s20217045\Desktop\SOUKOBAN\Library\PackageCache\com.unity.visualscripting@1.6.1\Editor\VisualScripting.Core\Dependencies\YamlDotNet\Unity.VisualScripting.YamlDotNet.dll
Symbol file LoadedFromMemory doesn't match image C:\Users\s20217045\Desktop\SOUKOBAN\Library\PackageCache\com.unity.visualscripting@1.6.1\Editor\VisualScripting.Core\Dependencies\DotNetZip\Unity.VisualScripting.IonicZip.dll
Native extension for WindowsStandalone target not found
Refreshing native plugins compatible for Editor in 0.69 ms, found 1 plugins.
Preloading 0 native plugins for Editor in 0.00 ms.
Mono: successfully reloaded assembly
- Completed reload, in  0.883 seconds
Platform modules already initialized, skipping
Refreshing native plugins compatible for Editor in 0.50 ms, found 1 plugins.
Preloading 0 native plugins for Editor in 0.00 ms.
Unloading 2662 Unused Serialized files (Serialized files now loaded: 0)
System memory in use before: 98.9 MB.
System memory in use after: 99.1 MB.

Unloading 9 unused Assets to reduce memory usage. Loaded Objects now: 3127.
Total: 2.086700 ms (FindLiveObjects: 0.203400 ms CreateObjectMapping: 0.125500 ms MarkObjects: 1.682600 ms  DeleteObjects: 0.073200 ms)

========================================================================
Received Import Request.
  Time since last request: 225.494510 seconds.
  path: Assets/Texture/GoalUi_tex.png
  artifactKey: Guid(bb0c4ccc0ec2f0b428448dfc9f0b1eae) Importer(815301076,1909f56bfc062723c751e8b465ee728b)
Start importing Assets/Texture/GoalUi_tex.png using Guid(bb0c4ccc0ec2f0b428448dfc9f0b1eae) Importer(815301076,1909f56bfc062723c751e8b465ee728b)  -> (artifact id: 'fa318bdefef6201845c41a5a1be1db5f') in 0.058000 seconds 
========================================================================
Received Import Request.
  Time since last request: 9.810939 seconds.
  path: Assets/Texture/StartUi_tex.png
  artifactKey: Guid(a98e6a870765521459ba39a98c96e061) Importer(815301076,1909f56bfc062723c751e8b465ee728b)
Start importing Assets/Texture/StartUi_tex.png using Guid(a98e6a870765521459ba39a98c96e061) Importer(815301076,1909f56bfc062723c751e8b465ee728b)  -> (artifact id: '198f3062a473a7463bb4aa108722a312') in 0.008037 seconds 
========================================================================
Received Prepare
Registering precompiled user dll's ...
Registered in 0.003432 seconds.
Begin MonoManager ReloadAssembly
Symbol file LoadedFromMemory doesn't match image C:\Users\s20217045\Desktop\SOUKOBAN\Library\PackageCache\com.unity.visualscripting@1.6.1\Editor\VisualScripting.Core\Dependencies\YamlDotNet\Unity.VisualScripting.YamlDotNet.dll
Symbol file LoadedFromMemory doesn't match image C:\Users\s20217045\Desktop\SOUKOBAN\Library\PackageCache\com.unity.visualscripting@1.6.1\Editor\VisualScripting.Core\Dependencies\DotNetZip\Unity.VisualScripting.IonicZip.dll
Native extension for WindowsStandalone target not found
Refreshing native plugins compatible for Editor in 0.44 ms, found 1 plugins.
Preloading 0 native plugins for Editor in 0.00 ms.
Mono: successfully reloaded assembly
- Completed reload, in  0.893 seconds
Platform modules already initialized, skipping
Refreshing native plugins compatible for Editor in 0.44 ms, found 1 plugins.
Preloading 0 native plugins for Editor in 0.00 ms.
Unloading 2664 Unused Serialized files (Serialized files now loaded: 0)
System memory in use before: 102.5 MB.
System memory in use after: 102.7 MB.

Unloading 9 unused Assets to reduce memory usage. Loaded Objects now: 3162.
Total: 1.890900 ms (FindLiveObjects: 0.197800 ms CreateObjectMapping: 0.129800 ms MarkObjects: 1.504000 ms  DeleteObjects: 0.058300 ms)

AssetImportWorkerClient::OnTransportError - code=2 error=End of file
